Tue Jun 19 2018 00:02:37 GMT+0200 (GMT+02:00): GET /
Tue Jun 19 2018 00:02:37 GMT+0200 (GMT+02:00): GET /View/css/bootstrap.css
Tue Jun 19 2018 00:02:37 GMT+0200 (GMT+02:00): GET /View/css/album.css
Tue Jun 19 2018 00:02:37 GMT+0200 (GMT+02:00): GET /View/js/three.js
Tue Jun 19 2018 00:02:37 GMT+0200 (GMT+02:00): GET /View/js/popper.js
Tue Jun 19 2018 00:02:37 GMT+0200 (GMT+02:00): GET /View/js/holder.js
Tue Jun 19 2018 00:02:37 GMT+0200 (GMT+02:00): GET /View/js/bootstrap.js
Tue Jun 19 2018 00:02:37 GMT+0200 (GMT+02:00): GET /View/js/main.js
Tue Jun 19 2018 00:02:37 GMT+0200 (GMT+02:00): GET /View/js/popper.js
Tue Jun 19 2018 00:02:37 GMT+0200 (GMT+02:00): GET /View/js/holder.js
Tue Jun 19 2018 00:02:37 GMT+0200 (GMT+02:00): GET /View/js/bootstrap.js
Tue Jun 19 2018 00:02:37 GMT+0200 (GMT+02:00): GET /View/js/main.js
Tue Jun 19 2018 00:12:21 GMT+0200 (GMT+02:00): GET /
Tue Jun 19 2018 00:12:22 GMT+0200 (GMT+02:00): GET /View/css/bootstrap.css
Tue Jun 19 2018 00:12:22 GMT+0200 (GMT+02:00): GET /View/css/album.css
Tue Jun 19 2018 00:12:22 GMT+0200 (GMT+02:00): GET /View/js/three.js
Tue Jun 19 2018 00:12:22 GMT+0200 (GMT+02:00): GET /View/js/popper.js
Tue Jun 19 2018 00:12:22 GMT+0200 (GMT+02:00): GET /View/js/holder.js
Tue Jun 19 2018 00:12:22 GMT+0200 (GMT+02:00): GET /View/js/bootstrap.js
Tue Jun 19 2018 00:12:22 GMT+0200 (GMT+02:00): GET /View/js/main.js
Tue Jun 19 2018 00:12:22 GMT+0200 (GMT+02:00): GET /View/js/popper.js
Tue Jun 19 2018 00:12:22 GMT+0200 (GMT+02:00): GET /View/js/holder.js
Tue Jun 19 2018 00:12:22 GMT+0200 (GMT+02:00): GET /View/js/bootstrap.js
Tue Jun 19 2018 00:12:22 GMT+0200 (GMT+02:00): GET /View/js/main.js
Tue Jun 19 2018 00:12:30 GMT+0200 (GMT+02:00): GET /maintenance
Tue Jun 19 2018 00:12:55 GMT+0200 (GMT+02:00): GET /
Tue Jun 19 2018 00:15:13 GMT+0200 (GMT+02:00): GET /
Tue Jun 19 2018 00:15:33 GMT+0200 (GMT+02:00): GET /
Tue Jun 19 2018 00:15:36 GMT+0200 (GMT+02:00): GET /
Tue Jun 19 2018 00:15:49 GMT+0200 (GMT+02:00): GET /about
Tue Jun 19 2018 00:21:30 GMT+0200 (GMT+02:00): GET /about
Tue Jun 19 2018 00:21:36 GMT+0200 (GMT+02:00): GET /
